Determining if the pthread_create exist failed with the following output:
Change Dir: /afs/andrew.cmu.edu/usr22/etsui/private/15-418/ParaHash/src/tools/cds-2.2.0/CMakeFiles/CMakeTmp

Run Build Command:"/bin/gmake" "cmTC_20812/fast"
/bin/gmake -f CMakeFiles/cmTC_20812.dir/build.make CMakeFiles/cmTC_20812.dir/build
gmake[1]: Entering directory `/afs/andrew.cmu.edu/usr22/etsui/private/15-418/ParaHash/src/tools/cds-2.2.0/CMakeFiles/CMakeTmp'
Building C object CMakeFiles/cmTC_20812.dir/CheckSymbolExists.c.o
/bin/cc    -o CMakeFiles/cmTC_20812.dir/CheckSymbolExists.c.o   -c /afs/andrew.cmu.edu/usr22/etsui/private/15-418/ParaHash/src/tools/cds-2.2.0/CMakeFiles/CMakeTmp/CheckSymbolExists.c
Linking C executable cmTC_20812
/afs/cs.cmu.edu/academic/class/15418-s17/public/sw/CMake/bin/cmake -E cmake_link_script CMakeFiles/cmTC_20812.dir/link.txt --verbose=1
/bin/cc      -rdynamic CMakeFiles/cmTC_20812.dir/CheckSymbolExists.c.o  -o cmTC_20812 
CMakeFiles/cmTC_20812.dir/CheckSymbolExists.c.o: In function `main':
CheckSymbolExists.c:(.text+0x16): undefined reference to `pthread_create'
collect2: error: ld returned 1 exit status
gmake[1]: *** [cmTC_20812] Error 1
gmake[1]: Leaving directory `/afs/andrew.cmu.edu/usr22/etsui/private/15-418/ParaHash/src/tools/cds-2.2.0/CMakeFiles/CMakeTmp'
gmake: *** [cmTC_20812/fast] Error 2

File /afs/andrew.cmu.edu/usr22/etsui/private/15-418/ParaHash/src/tools/cds-2.2.0/CMakeFiles/CMakeTmp/CheckSymbolExists.c:
/* */
#include <pthread.h>

int main(int argc, char** argv)
{
  (void)argv;
#ifndef pthread_create
  return ((int*)(&pthread_create))[argc];
#else
  (void)argc;
  return 0;
#endif
}

Determining if the function pthread_create exists in the pthreads failed with the following output:
Change Dir: /afs/andrew.cmu.edu/usr22/etsui/private/15-418/ParaHash/src/tools/cds-2.2.0/CMakeFiles/CMakeTmp

Run Build Command:"/bin/gmake" "cmTC_3b250/fast"
/bin/gmake -f CMakeFiles/cmTC_3b250.dir/build.make CMakeFiles/cmTC_3b250.dir/build
gmake[1]: Entering directory `/afs/andrew.cmu.edu/usr22/etsui/private/15-418/ParaHash/src/tools/cds-2.2.0/CMakeFiles/CMakeTmp'
Building C object CMakeFiles/cmTC_3b250.dir/CheckFunctionExists.c.o
/bin/cc   -DCHECK_FUNCTION_EXISTS=pthread_create   -o CMakeFiles/cmTC_3b250.dir/CheckFunctionExists.c.o   -c /afs/cs.cmu.edu/academic/class/15418-s17/public/sw/CMake/share/cmake-3.8/Modules/CheckFunctionExists.c
Linking C executable cmTC_3b250
/afs/cs.cmu.edu/academic/class/15418-s17/public/sw/CMake/bin/cmake -E cmake_link_script CMakeFiles/cmTC_3b250.dir/link.txt --verbose=1
/bin/cc  -DCHECK_FUNCTION_EXISTS=pthread_create    -rdynamic CMakeFiles/cmTC_3b250.dir/CheckFunctionExists.c.o  -o cmTC_3b250 -lpthreads 
/bin/ld: cannot find -lpthreads
collect2: error: ld returned 1 exit status
gmake[1]: *** [cmTC_3b250] Error 1
gmake[1]: Leaving directory `/afs/andrew.cmu.edu/usr22/etsui/private/15-418/ParaHash/src/tools/cds-2.2.0/CMakeFiles/CMakeTmp'
gmake: *** [cmTC_3b250/fast] Error 2


